# JRE version: OpenJDK Runtime Environment AdoptOpenJDK-11.0.11+9 (11.0.11+9) (build 11.0.11+9)
# Java VM: OpenJDK 64-Bit Server VM AdoptOpenJDK-11.0.11+9 (11.0.11+9, mixed mode, tiered, compressed oops, g1 gc, windows-amd64)
Heap:
 garbage-first heap   total 647168K, used 45206K [0x0000000701a00000, 0x0000000800000000)
  region size 1024K, 19 young (19456K), 19 survivors (19456K)
 Metaspace       used 6873K, capacity 7014K, committed 7296K, reserved 1056768K
  class space    used 575K, capacity 609K, committed 640K, reserved 1048576K
GC Heap History (20 events):
Event: 1.821 GC heap after
{Heap after GC invocations=3 (full 0):
 garbage-first heap   total 262144K, used 6759K [0x0000000701a00000, 0x0000000800000000)
  region size 1024K, 7 young (7168K), 7 survivors (7168K)
 Metaspace       used 6868K, capacity 7014K, committed 7296K, reserved 1056768K
  class space    used 575K, capacity 609K, committed 640K, reserved 1048576K
}
Event: 2.032 GC heap before
{Heap before GC invocations=3 (full 0):
 garbage-first heap   total 262144K, used 156263K [0x0000000701a00000, 0x0000000800000000)
  region size 1024K, 153 young (156672K), 7 survivors (7168K)
 Metaspace       used 6868K, capacity 7014K, committed 7296K, reserved 1056768K
  class space    used 575K, capacity 609K, committed 640K, reserved 1048576K
}
Event: 2.044 GC heap after
{Heap after GC invocations=4 (full 0):
 garbage-first heap   total 262144K, used 10065K [0x0000000701a00000, 0x0000000800000000)
  region size 1024K, 10 young (10240K), 10 survivors (10240K)
 Metaspace       used 6868K, capacity 7014K, committed 7296K, reserved 1056768K
  class space    used 575K, capacity 609K, committed 640K, reserved 1048576K
}
Event: 2.215 GC heap before
{Heap before GC invocations=4 (full 0):
 garbage-first heap   total 262144K, used 156497K [0x0000000701a00000, 0x0000000800000000)
  region size 1024K, 153 young (156672K), 10 survivors (10240K)
 Metaspace       used 6868K, capacity 7014K, committed 7296K, reserved 1056768K
  class space    used 575K, capacity 609K, committed 640K, reserved 1048576K
}
Event: 2.229 GC heap after
{Heap after GC invocations=5 (full 0):
 garbage-first heap   total 315392K, used 13127K [0x0000000701a00000, 0x0000000800000000)
  region size 1024K, 13 young (13312K), 13 survivors (13312K)
 Metaspace       used 6868K, capacity 7014K, committed 7296K, reserved 1056768K
  class space    used 575K, capacity 609K, committed 640K, reserved 1048576K
}
Event: 2.458 GC heap before
{Heap before GC invocations=5 (full 0):
 garbage-first heap   total 315392K, used 188231K [0x0000000701a00000, 0x0000000800000000)
  region size 1024K, 184 young (188416K), 13 survivors (13312K)
 Metaspace       used 6869K, capacity 7014K, committed 7296K, reserved 1056768K
  class space    used 575K, capacity 609K, committed 640K, reserved 1048576K
}
Event: 2.470 GC heap after
{Heap after GC invocations=6 (full 0):
 garbage-first heap   total 315392K, used 16563K [0x0000000701a00000, 0x0000000800000000)
  region size 1024K, 15 young (15360K), 15 survivors (15360K)
 Metaspace       used 6869K, capacity 7014K, committed 7296K, reserved 1056768K
  class space    used 575K, capacity 609K, committed 640K, reserved 1048576K
}
Event: 2.661 GC heap before
{Heap before GC invocations=6 (full 0):
 garbage-first heap   total 315392K, used 189619K [0x0000000701a00000, 0x0000000800000000)
  region size 1024K, 184 young (188416K), 15 survivors (15360K)
 Metaspace       used 6873K, capacity 7014K, committed 7296K, reserved 1056768K
  class space    used 575K, capacity 609K, committed 640K, reserved 1048576K
}
Event: 2.675 GC heap after
{Heap after GC invocations=7 (full 0):
 garbage-first heap   total 315392K, used 19690K [0x0000000701a00000, 0x0000000800000000)
  region size 1024K, 16 young (16384K), 16 survivors (16384K)
 Metaspace       used 6873K, capacity 7014K, committed 7296K, reserved 1056768K
  class space    used 575K, capacity 609K, committed 640K, reserved 1048576K
}
Event: 2.853 GC heap before
{Heap before GC invocations=7 (full 0):
 garbage-first heap   total 315392K, used 191722K [0x0000000701a00000, 0x0000000800000000)
  region size 1024K, 184 young (188416K), 16 survivors (16384K)
 Metaspace       used 6873K, capacity 7014K, committed 7296K, reserved 1056768K
  class space    used 575K, capacity 609K, committed 640K, reserved 1048576K
}
Event: 2.868 GC heap after
{Heap after GC invocations=8 (full 0):
 garbage-first heap   total 315392K, used 22632K [0x0000000701a00000, 0x0000000800000000)
  region size 1024K, 13 young (13312K), 13 survivors (13312K)
 Metaspace       used 6873K, capacity 7014K, committed 7296K, reserved 1056768K
  class space    used 575K, capacity 609K, committed 640K, reserved 1048576K
}
Event: 3.048 GC heap before
{Heap before GC invocations=8 (full 0):
 garbage-first heap   total 315392K, used 197736K [0x0000000701a00000, 0x0000000800000000)
  region size 1024K, 184 young (188416K), 13 survivors (13312K)
 Metaspace       used 6873K, capacity 7014K, committed 7296K, reserved 1056768K
  class space    used 575K, capacity 609K, committed 640K, reserved 1048576K
}
Event: 3.065 GC heap after
{Heap after GC invocations=9 (full 0):
 garbage-first heap   total 431104K, used 26624K [0x0000000701a00000, 0x0000000800000000)
  region size 1024K, 14 young (14336K), 14 survivors (14336K)
 Metaspace       used 6873K, capacity 7014K, committed 7296K, reserved 1056768K
  class space    used 575K, capacity 609K, committed 640K, reserved 1048576K
}
Event: 3.400 GC heap before
{Heap before GC invocations=9 (full 0):
 garbage-first heap   total 431104K, used 270336K [0x0000000701a00000, 0x0000000800000000)
  region size 1024K, 252 young (258048K), 14 survivors (14336K)
 Metaspace       used 6873K, capacity 7014K, committed 7296K, reserved 1056768K
  class space    used 575K, capacity 609K, committed 640K, reserved 1048576K
}
Event: 3.415 GC heap after
{Heap after GC invocations=10 (full 0):
 garbage-first heap   total 431104K, used 31232K [0x0000000701a00000, 0x0000000800000000)
  region size 1024K, 19 young (19456K), 19 survivors (19456K)
 Metaspace       used 6873K, capacity 7014K, committed 7296K, reserved 1056768K
  class space    used 575K, capacity 609K, committed 640K, reserved 1048576K
}
Event: 3.682 GC heap before
{Heap before GC invocations=10 (full 0):
 garbage-first heap   total 431104K, used 269824K [0x0000000701a00000, 0x0000000800000000)
  region size 1024K, 252 young (258048K), 19 survivors (19456K)
 Metaspace       used 6873K, capacity 7014K, committed 7296K, reserved 1056768K
  class space    used 575K, capacity 609K, committed 640K, reserved 1048576K
}
Event: 3.700 GC heap after
{Heap after GC invocations=11 (full 0):
 garbage-first heap   total 431104K, used 35524K [0x0000000701a00000, 0x0000000800000000)
  region size 1024K, 20 young (20480K), 20 survivors (20480K)
 Metaspace       used 6873K, capacity 7014K, committed 7296K, reserved 1056768K
  class space    used 575K, capacity 609K, committed 640K, reserved 1048576K
}
Event: 3.996 GC heap before
{Heap before GC invocations=11 (full 0):
 garbage-first heap   total 431104K, used 273092K [0x0000000701a00000, 0x0000000800000000)
  region size 1024K, 252 young (258048K), 20 survivors (20480K)
 Metaspace       used 6873K, capacity 7014K, committed 7296K, reserved 1056768K
  class space    used 575K, capacity 609K, committed 640K, reserved 1048576K
}
Event: 4.014 GC heap after
{Heap after GC invocations=12 (full 0):
 garbage-first heap   total 431104K, used 40580K [0x0000000701a00000, 0x0000000800000000)
  region size 1024K, 21 young (21504K), 21 survivors (21504K)
 Metaspace       used 6873K, capacity 7014K, committed 7296K, reserved 1056768K
  class space    used 575K, capacity 609K, committed 640K, reserved 1048576K
}
Event: 4.279 GC heap before
{Heap before GC invocations=12 (full 0):
 garbage-first heap   total 431104K, used 277124K [0x0000000701a00000, 0x0000000800000000)
  region size 1024K, 252 young (258048K), 21 survivors (21504K)
 Metaspace       used 6873K, capacity 7014K, committed 7296K, reserved 1056768K
  class space    used 575K, capacity 609K, committed 640K, reserved 1048576K
}

